2024-09-07 04:31:37 - INFO - HTTP Request: POST https://api.telegram.org/bot7472967895:AAFacJ_5IsII2bA9GK0p46PK1TS3PtgtYMU/getMe "HTTP/1.1 200 OK"
2024-09-07 04:31:37 - INFO - HTTP Request: POST https://api.telegram.org/bot7472967895:AAFacJ_5IsII2bA9GK0p46PK1TS3PtgtYMU/deleteWebhook "HTTP/1.1 200 OK"
2024-09-07 04:31:37 - INFO - Scheduler started
2024-09-07 04:31:37 - INFO - Application started
2024-09-07 04:31:38 - INFO - HTTP Request: POST https://api.telegram.org/bot7472967895:AAFacJ_5IsII2bA9GK0p46PK1TS3PtgtYMU/getUpdates "HTTP/1.1 200 OK"
2024-09-07 04:31:38 - INFO - HTTP Request: POST https://api.telegram.org/bot7472967895:AAFacJ_5IsII2bA9GK0p46PK1TS3PtgtYMU/sendMessage "HTTP/1.1 200 OK"
2024-09-07 04:31:39 - INFO - HTTP Request: POST https://api.telegram.org/bot7472967895:AAFacJ_5IsII2bA9GK0p46PK1TS3PtgtYMU/sendMessage "HTTP/1.1 200 OK"
2024-09-07 04:31:39 - INFO - HTTP Request: POST https://api.telegram.org/bot7472967895:AAFacJ_5IsII2bA9GK0p46PK1TS3PtgtYMU/sendMessage "HTTP/1.1 200 OK"
2024-09-07 04:31:40 - INFO - HTTP Request: POST https://api.telegram.org/bot7472967895:AAFacJ_5IsII2bA9GK0p46PK1TS3PtgtYMU/sendMessage "HTTP/1.1 200 OK"
2024-09-07 04:31:40 - INFO - HTTP Request: POST https://api.telegram.org/bot7472967895:AAFacJ_5IsII2bA9GK0p46PK1TS3PtgtYMU/sendMessage "HTTP/1.1 200 OK"
2024-09-07 04:31:40 - INFO - HTTP Request: POST https://api.telegram.org/bot7472967895:AAFacJ_5IsII2bA9GK0p46PK1TS3PtgtYMU/sendMessage "HTTP/1.1 200 OK"
2024-09-07 04:31:48 - INFO - HTTP Request: POST https://api.telegram.org/bot7472967895:AAFacJ_5IsII2bA9GK0p46PK1TS3PtgtYMU/getUpdates "HTTP/1.1 200 OK"
2024-09-07 04:31:59 - INFO - HTTP Request: POST https://api.telegram.org/bot7472967895:AAFacJ_5IsII2bA9GK0p46PK1TS3PtgtYMU/getUpdates "HTTP/1.1 200 OK"
2024-09-07 04:32:05 - INFO - HTTP Request: POST https://api.telegram.org/bot7472967895:AAFacJ_5IsII2bA9GK0p46PK1TS3PtgtYMU/getMe "HTTP/1.1 200 OK"
2024-09-07 04:32:05 - INFO - HTTP Request: POST https://api.telegram.org/bot7472967895:AAFacJ_5IsII2bA9GK0p46PK1TS3PtgtYMU/deleteWebhook "HTTP/1.1 200 OK"
2024-09-07 04:32:05 - INFO - Scheduler started
2024-09-07 04:32:05 - INFO - Application started
2024-09-07 04:32:16 - INFO - HTTP Request: POST https://api.telegram.org/bot7472967895:AAFacJ_5IsII2bA9GK0p46PK1TS3PtgtYMU/getUpdates "HTTP/1.1 200 OK"
2024-09-07 04:32:26 - INFO - HTTP Request: POST https://api.telegram.org/bot7472967895:AAFacJ_5IsII2bA9GK0p46PK1TS3PtgtYMU/getUpdates "HTTP/1.1 200 OK"
2024-09-07 04:32:37 - INFO - HTTP Request: POST https://api.telegram.org/bot7472967895:AAFacJ_5IsII2bA9GK0p46PK1TS3PtgtYMU/getUpdates "HTTP/1.1 200 OK"
2024-09-07 04:32:47 - INFO - HTTP Request: POST https://api.telegram.org/bot7472967895:AAFacJ_5IsII2bA9GK0p46PK1TS3PtgtYMU/getUpdates "HTTP/1.1 200 OK"
2024-09-07 04:32:57 - INFO - HTTP Request: POST https://api.telegram.org/bot7472967895:AAFacJ_5IsII2bA9GK0p46PK1TS3PtgtYMU/getUpdates "HTTP/1.1 200 OK"
2024-09-07 04:33:00 - INFO - HTTP Request: POST https://api.telegram.org/bot7472967895:AAFacJ_5IsII2bA9GK0p46PK1TS3PtgtYMU/getUpdates "HTTP/1.1 200 OK"
2024-09-07 04:33:01 - INFO - HTTP Request: POST https://api.telegram.org/bot7472967895:AAFacJ_5IsII2bA9GK0p46PK1TS3PtgtYMU/answerCallbackQuery "HTTP/1.1 200 OK"
2024-09-07 04:33:01 - INFO - HTTP Request: POST https://api.telegram.org/bot7472967895:AAFacJ_5IsII2bA9GK0p46PK1TS3PtgtYMU/editMessageText "HTTP/1.1 200 OK"
2024-09-07 04:33:09 - INFO - HTTP Request: POST https://api.telegram.org/bot7472967895:AAFacJ_5IsII2bA9GK0p46PK1TS3PtgtYMU/getUpdates "HTTP/1.1 200 OK"
2024-09-07 04:33:09 - INFO - No se encontró Username5 en la configuración. Finalizando la búsqueda de cuentas.
2024-09-07 04:33:11 - INFO - HTTP Request: POST https://api.telegram.org/bot7472967895:AAFacJ_5IsII2bA9GK0p46PK1TS3PtgtYMU/sendMessage "HTTP/1.1 200 OK"
2024-09-07 04:33:11 - INFO - HTTP Request: POST https://api.telegram.org/bot7472967895:AAFacJ_5IsII2bA9GK0p46PK1TS3PtgtYMU/sendMessage "HTTP/1.1 200 OK"
2024-09-07 04:33:20 - INFO - HTTP Request: POST https://api.telegram.org/bot7472967895:AAFacJ_5IsII2bA9GK0p46PK1TS3PtgtYMU/getUpdates "HTTP/1.1 200 OK"
2024-09-07 04:33:30 - INFO - HTTP Request: POST https://api.telegram.org/bot7472967895:AAFacJ_5IsII2bA9GK0p46PK1TS3PtgtYMU/getUpdates "HTTP/1.1 200 OK"
2024-09-07 04:33:40 - INFO - HTTP Request: POST https://api.telegram.org/bot7472967895:AAFacJ_5IsII2bA9GK0p46PK1TS3PtgtYMU/getUpdates "HTTP/1.1 200 OK"
2024-09-07 04:33:51 - INFO - HTTP Request: POST https://api.telegram.org/bot7472967895:AAFacJ_5IsII2bA9GK0p46PK1TS3PtgtYMU/getUpdates "HTTP/1.1 200 OK"
2024-09-07 04:34:01 - INFO - HTTP Request: POST https://api.telegram.org/bot7472967895:AAFacJ_5IsII2bA9GK0p46PK1TS3PtgtYMU/getUpdates "HTTP/1.1 200 OK"
2024-09-07 04:34:11 - INFO - HTTP Request: POST https://api.telegram.org/bot7472967895:AAFacJ_5IsII2bA9GK0p46PK1TS3PtgtYMU/getUpdates "HTTP/1.1 200 OK"
2024-09-07 04:34:22 - INFO - HTTP Request: POST https://api.telegram.org/bot7472967895:AAFacJ_5IsII2bA9GK0p46PK1TS3PtgtYMU/getUpdates "HTTP/1.1 200 OK"
2024-09-07 04:34:32 - INFO - HTTP Request: POST https://api.telegram.org/bot7472967895:AAFacJ_5IsII2bA9GK0p46PK1TS3PtgtYMU/getUpdates "HTTP/1.1 200 OK"
2024-09-07 04:34:43 - INFO - HTTP Request: POST https://api.telegram.org/bot7472967895:AAFacJ_5IsII2bA9GK0p46PK1TS3PtgtYMU/getUpdates "HTTP/1.1 200 OK"
2024-09-07 04:34:53 - INFO - HTTP Request: POST https://api.telegram.org/bot7472967895:AAFacJ_5IsII2bA9GK0p46PK1TS3PtgtYMU/getUpdates "HTTP/1.1 200 OK"
2024-09-07 04:35:04 - INFO - HTTP Request: POST https://api.telegram.org/bot7472967895:AAFacJ_5IsII2bA9GK0p46PK1TS3PtgtYMU/getUpdates "HTTP/1.1 200 OK"
2024-09-07 04:35:14 - INFO - HTTP Request: POST https://api.telegram.org/bot7472967895:AAFacJ_5IsII2bA9GK0p46PK1TS3PtgtYMU/getUpdates "HTTP/1.1 200 OK"
2024-09-07 04:36:15 - ERROR - Error: httpx.ConnectError: [Errno 8] nodename nor servname provided, or not known
2024-09-07 04:36:15 - ERROR - An error was raised and an uncaught error was raised while handling the error with an error_handler.
Traceback (most recent call last):
  File "/Library/Frameworks/Python.framework/Versions/3.12/lib/python3.12/site-packages/telegram/ext/_application.py", line 1906, in process_error
    await callback(update, context)
  File "/Users/gmnpc/Downloads/netflix_email_bot/main.py", line 136, in error_handler
    if update.message:
       ^^^^^^^^^^^^^^
AttributeError: 'NoneType' object has no attribute 'message'
2024-09-07 04:36:19 - INFO - HTTP Request: POST https://api.telegram.org/bot7472967895:AAFacJ_5IsII2bA9GK0p46PK1TS3PtgtYMU/getUpdates "HTTP/1.1 200 OK"
2024-09-07 04:36:19 - INFO - HTTP Request: POST https://api.telegram.org/bot7472967895:AAFacJ_5IsII2bA9GK0p46PK1TS3PtgtYMU/answerCallbackQuery "HTTP/1.1 200 OK"
2024-09-07 04:36:20 - INFO - HTTP Request: POST https://api.telegram.org/bot7472967895:AAFacJ_5IsII2bA9GK0p46PK1TS3PtgtYMU/editMessageText "HTTP/1.1 200 OK"
2024-09-07 04:51:59 - INFO - HTTP Request: POST https://api.telegram.org/bot7472967895:AAFacJ_5IsII2bA9GK0p46PK1TS3PtgtYMU/getUpdates "HTTP/1.1 200 OK"
2024-09-07 04:51:59 - INFO - Procesando correos para el usuario perustreaming.002@gmail.com...
2024-09-07 04:52:33 - INFO - Conexión exitosa al servidor IMAP imap.gmail.com con el usuario perustreaming.002@gmail.com
2024-09-07 04:53:05 - INFO - Correo procesado, ID: b'3', cuenta: perustreaming.002@gmail.com
2024-09-07 04:53:05 - INFO - Enlace de Netflix encontrado para perustreaming.002@gmail.com: None
2024-09-07 04:53:06 - INFO - HTTP Request: POST https://api.telegram.org/bot7472967895:AAFacJ_5IsII2bA9GK0p46PK1TS3PtgtYMU/sendMessage "HTTP/1.1 200 OK"
2024-09-07 04:53:06 - INFO - HTTP Request: POST https://api.telegram.org/bot7472967895:AAFacJ_5IsII2bA9GK0p46PK1TS3PtgtYMU/sendMessage "HTTP/1.1 200 OK"
2024-09-07 04:53:07 - INFO - HTTP Request: POST https://api.telegram.org/bot7472967895:AAFacJ_5IsII2bA9GK0p46PK1TS3PtgtYMU/sendMessage "HTTP/1.1 200 OK"
2024-09-07 04:53:07 - INFO - HTTP Request: POST https://api.telegram.org/bot7472967895:AAFacJ_5IsII2bA9GK0p46PK1TS3PtgtYMU/sendMessage "HTTP/1.1 200 OK"
2024-09-07 04:53:33 - INFO - HTTP Request: POST https://api.telegram.org/bot7472967895:AAFacJ_5IsII2bA9GK0p46PK1TS3PtgtYMU/getUpdates "HTTP/1.1 200 OK"
2024-09-07 04:54:09 - INFO - HTTP Request: POST https://api.telegram.org/bot7472967895:AAFacJ_5IsII2bA9GK0p46PK1TS3PtgtYMU/getUpdates "HTTP/1.1 200 OK"
2024-09-07 04:54:19 - INFO - HTTP Request: POST https://api.telegram.org/bot7472967895:AAFacJ_5IsII2bA9GK0p46PK1TS3PtgtYMU/getUpdates "HTTP/1.1 200 OK"
2024-09-07 04:54:54 - INFO - HTTP Request: POST https://api.telegram.org/bot7472967895:AAFacJ_5IsII2bA9GK0p46PK1TS3PtgtYMU/getUpdates "HTTP/1.1 200 OK"
2024-09-07 05:47:56 - INFO - HTTP Request: POST https://api.telegram.org/bot7472967895:AAFacJ_5IsII2bA9GK0p46PK1TS3PtgtYMU/getUpdates "HTTP/1.1 200 OK"
2024-09-07 05:49:02 - INFO - HTTP Request: POST https://api.telegram.org/bot7472967895:AAFacJ_5IsII2bA9GK0p46PK1TS3PtgtYMU/getUpdates "HTTP/1.1 200 OK"
2024-09-07 05:49:13 - INFO - HTTP Request: POST https://api.telegram.org/bot7472967895:AAFacJ_5IsII2bA9GK0p46PK1TS3PtgtYMU/getUpdates "HTTP/1.1 200 OK"
2024-09-07 05:49:40 - INFO - HTTP Request: POST https://api.telegram.org/bot7472967895:AAFacJ_5IsII2bA9GK0p46PK1TS3PtgtYMU/getUpdates "HTTP/1.1 200 OK"
2024-09-07 06:35:01 - INFO - HTTP Request: POST https://api.telegram.org/bot7472967895:AAFacJ_5IsII2bA9GK0p46PK1TS3PtgtYMU/getUpdates "HTTP/1.1 200 OK"
2024-09-07 08:41:07 - INFO - HTTP Request: POST https://api.telegram.org/bot7472967895:AAFacJ_5IsII2bA9GK0p46PK1TS3PtgtYMU/getUpdates "HTTP/1.1 200 OK"
2024-09-07 08:41:17 - INFO - HTTP Request: POST https://api.telegram.org/bot7472967895:AAFacJ_5IsII2bA9GK0p46PK1TS3PtgtYMU/getUpdates "HTTP/1.1 200 OK"
2024-09-07 09:40:20 - INFO - HTTP Request: POST https://api.telegram.org/bot7472967895:AAFacJ_5IsII2bA9GK0p46PK1TS3PtgtYMU/getUpdates "HTTP/1.1 200 OK"
2024-09-07 09:41:26 - INFO - HTTP Request: POST https://api.telegram.org/bot7472967895:AAFacJ_5IsII2bA9GK0p46PK1TS3PtgtYMU/getUpdates "HTTP/1.1 200 OK"
2024-09-07 10:28:22 - INFO - HTTP Request: POST https://api.telegram.org/bot7472967895:AAFacJ_5IsII2bA9GK0p46PK1TS3PtgtYMU/getUpdates "HTTP/1.1 200 OK"
2024-09-07 10:28:22 - INFO - HTTP Request: POST https://api.telegram.org/bot7472967895:AAFacJ_5IsII2bA9GK0p46PK1TS3PtgtYMU/sendMessage "HTTP/1.1 200 OK"
2024-09-07 10:28:23 - INFO - HTTP Request: POST https://api.telegram.org/bot7472967895:AAFacJ_5IsII2bA9GK0p46PK1TS3PtgtYMU/sendMessage "HTTP/1.1 200 OK"
2024-09-07 10:28:32 - INFO - HTTP Request: POST https://api.telegram.org/bot7472967895:AAFacJ_5IsII2bA9GK0p46PK1TS3PtgtYMU/getUpdates "HTTP/1.1 200 OK"
2024-09-07 10:28:42 - INFO - HTTP Request: POST https://api.telegram.org/bot7472967895:AAFacJ_5IsII2bA9GK0p46PK1TS3PtgtYMU/getUpdates "HTTP/1.1 200 OK"
2024-09-07 10:28:52 - INFO - HTTP Request: POST https://api.telegram.org/bot7472967895:AAFacJ_5IsII2bA9GK0p46PK1TS3PtgtYMU/getUpdates "HTTP/1.1 200 OK"
2024-09-07 10:29:02 - INFO - HTTP Request: POST https://api.telegram.org/bot7472967895:AAFacJ_5IsII2bA9GK0p46PK1TS3PtgtYMU/getUpdates "HTTP/1.1 200 OK"
2024-09-07 10:29:13 - INFO - HTTP Request: POST https://api.telegram.org/bot7472967895:AAFacJ_5IsII2bA9GK0p46PK1TS3PtgtYMU/getUpdates "HTTP/1.1 200 OK"
2024-09-07 10:29:23 - INFO - HTTP Request: POST https://api.telegram.org/bot7472967895:AAFacJ_5IsII2bA9GK0p46PK1TS3PtgtYMU/getUpdates "HTTP/1.1 200 OK"
2024-09-07 10:29:33 - INFO - HTTP Request: POST https://api.telegram.org/bot7472967895:AAFacJ_5IsII2bA9GK0p46PK1TS3PtgtYMU/getUpdates "HTTP/1.1 200 OK"
2024-09-07 10:29:43 - INFO - HTTP Request: POST https://api.telegram.org/bot7472967895:AAFacJ_5IsII2bA9GK0p46PK1TS3PtgtYMU/getUpdates "HTTP/1.1 200 OK"
2024-09-07 10:29:53 - INFO - HTTP Request: POST https://api.telegram.org/bot7472967895:AAFacJ_5IsII2bA9GK0p46PK1TS3PtgtYMU/getUpdates "HTTP/1.1 200 OK"
2024-09-07 10:30:04 - INFO - HTTP Request: POST https://api.telegram.org/bot7472967895:AAFacJ_5IsII2bA9GK0p46PK1TS3PtgtYMU/getUpdates "HTTP/1.1 200 OK"
2024-09-07 10:30:14 - INFO - HTTP Request: POST https://api.telegram.org/bot7472967895:AAFacJ_5IsII2bA9GK0p46PK1TS3PtgtYMU/getUpdates "HTTP/1.1 200 OK"
2024-09-07 10:30:24 - INFO - HTTP Request: POST https://api.telegram.org/bot7472967895:AAFacJ_5IsII2bA9GK0p46PK1TS3PtgtYMU/getUpdates "HTTP/1.1 200 OK"
2024-09-07 10:30:34 - INFO - HTTP Request: POST https://api.telegram.org/bot7472967895:AAFacJ_5IsII2bA9GK0p46PK1TS3PtgtYMU/getUpdates "HTTP/1.1 200 OK"
2024-09-07 10:30:45 - INFO - HTTP Request: POST https://api.telegram.org/bot7472967895:AAFacJ_5IsII2bA9GK0p46PK1TS3PtgtYMU/getUpdates "HTTP/1.1 200 OK"
2024-09-07 10:30:55 - INFO - HTTP Request: POST https://api.telegram.org/bot7472967895:AAFacJ_5IsII2bA9GK0p46PK1TS3PtgtYMU/getUpdates "HTTP/1.1 200 OK"
2024-09-07 10:31:05 - INFO - HTTP Request: POST https://api.telegram.org/bot7472967895:AAFacJ_5IsII2bA9GK0p46PK1TS3PtgtYMU/getUpdates "HTTP/1.1 200 OK"
2024-09-07 10:31:15 - INFO - HTTP Request: POST https://api.telegram.org/bot7472967895:AAFacJ_5IsII2bA9GK0p46PK1TS3PtgtYMU/getUpdates "HTTP/1.1 200 OK"
2024-09-07 10:31:25 - INFO - HTTP Request: POST https://api.telegram.org/bot7472967895:AAFacJ_5IsII2bA9GK0p46PK1TS3PtgtYMU/getUpdates "HTTP/1.1 200 OK"
2024-09-07 10:31:36 - INFO - HTTP Request: POST https://api.telegram.org/bot7472967895:AAFacJ_5IsII2bA9GK0p46PK1TS3PtgtYMU/getUpdates "HTTP/1.1 200 OK"
2024-09-07 10:31:46 - INFO - HTTP Request: POST https://api.telegram.org/bot7472967895:AAFacJ_5IsII2bA9GK0p46PK1TS3PtgtYMU/getUpdates "HTTP/1.1 200 OK"
2024-09-07 10:31:56 - INFO - HTTP Request: POST https://api.telegram.org/bot7472967895:AAFacJ_5IsII2bA9GK0p46PK1TS3PtgtYMU/getUpdates "HTTP/1.1 200 OK"
2024-09-07 10:32:06 - INFO - HTTP Request: POST https://api.telegram.org/bot7472967895:AAFacJ_5IsII2bA9GK0p46PK1TS3PtgtYMU/getUpdates "HTTP/1.1 200 OK"
2024-09-07 10:32:07 - INFO - HTTP Request: POST https://api.telegram.org/bot7472967895:AAFacJ_5IsII2bA9GK0p46PK1TS3PtgtYMU/answerCallbackQuery "HTTP/1.1 200 OK"
2024-09-07 10:32:07 - INFO - HTTP Request: POST https://api.telegram.org/bot7472967895:AAFacJ_5IsII2bA9GK0p46PK1TS3PtgtYMU/editMessageText "HTTP/1.1 200 OK"
2024-09-07 10:32:16 - INFO - HTTP Request: POST https://api.telegram.org/bot7472967895:AAFacJ_5IsII2bA9GK0p46PK1TS3PtgtYMU/getUpdates "HTTP/1.1 200 OK"
2024-09-07 10:32:27 - INFO - HTTP Request: POST https://api.telegram.org/bot7472967895:AAFacJ_5IsII2bA9GK0p46PK1TS3PtgtYMU/getUpdates "HTTP/1.1 200 OK"
2024-09-07 10:32:37 - INFO - HTTP Request: POST https://api.telegram.org/bot7472967895:AAFacJ_5IsII2bA9GK0p46PK1TS3PtgtYMU/getUpdates "HTTP/1.1 200 OK"
2024-09-07 10:32:38 - INFO - HTTP Request: POST https://api.telegram.org/bot7472967895:AAFacJ_5IsII2bA9GK0p46PK1TS3PtgtYMU/sendMessage "HTTP/1.1 200 OK"
2024-09-07 10:32:38 - INFO - HTTP Request: POST https://api.telegram.org/bot7472967895:AAFacJ_5IsII2bA9GK0p46PK1TS3PtgtYMU/sendMessage "HTTP/1.1 200 OK"
2024-09-07 10:32:47 - INFO - HTTP Request: POST https://api.telegram.org/bot7472967895:AAFacJ_5IsII2bA9GK0p46PK1TS3PtgtYMU/getUpdates "HTTP/1.1 200 OK"
2024-09-07 10:32:50 - INFO - HTTP Request: POST https://api.telegram.org/bot7472967895:AAFacJ_5IsII2bA9GK0p46PK1TS3PtgtYMU/getUpdates "HTTP/1.1 200 OK"
2024-09-07 10:32:50 - INFO - HTTP Request: POST https://api.telegram.org/bot7472967895:AAFacJ_5IsII2bA9GK0p46PK1TS3PtgtYMU/answerCallbackQuery "HTTP/1.1 200 OK"
2024-09-07 10:32:51 - INFO - HTTP Request: POST https://api.telegram.org/bot7472967895:AAFacJ_5IsII2bA9GK0p46PK1TS3PtgtYMU/editMessageText "HTTP/1.1 200 OK"
2024-09-07 10:32:56 - INFO - HTTP Request: POST https://api.telegram.org/bot7472967895:AAFacJ_5IsII2bA9GK0p46PK1TS3PtgtYMU/sendMessage "HTTP/1.1 200 OK"
2024-09-07 10:33:00 - INFO - HTTP Request: POST https://api.telegram.org/bot7472967895:AAFacJ_5IsII2bA9GK0p46PK1TS3PtgtYMU/getUpdates "HTTP/1.1 200 OK"
2024-09-07 10:33:10 - INFO - HTTP Request: POST https://api.telegram.org/bot7472967895:AAFacJ_5IsII2bA9GK0p46PK1TS3PtgtYMU/getUpdates "HTTP/1.1 200 OK"
2024-09-07 10:33:20 - INFO - HTTP Request: POST https://api.telegram.org/bot7472967895:AAFacJ_5IsII2bA9GK0p46PK1TS3PtgtYMU/getUpdates "HTTP/1.1 200 OK"
2024-09-07 10:33:30 - INFO - HTTP Request: POST https://api.telegram.org/bot7472967895:AAFacJ_5IsII2bA9GK0p46PK1TS3PtgtYMU/getUpdates "HTTP/1.1 200 OK"
2024-09-07 10:33:31 - INFO - HTTP Request: POST https://api.telegram.org/bot7472967895:AAFacJ_5IsII2bA9GK0p46PK1TS3PtgtYMU/answerCallbackQuery "HTTP/1.1 200 OK"
2024-09-07 10:33:31 - INFO - HTTP Request: POST https://api.telegram.org/bot7472967895:AAFacJ_5IsII2bA9GK0p46PK1TS3PtgtYMU/editMessageText "HTTP/1.1 200 OK"
2024-09-07 10:33:40 - INFO - HTTP Request: POST https://api.telegram.org/bot7472967895:AAFacJ_5IsII2bA9GK0p46PK1TS3PtgtYMU/getUpdates "HTTP/1.1 200 OK"
2024-09-07 10:33:44 - INFO - HTTP Request: POST https://api.telegram.org/bot7472967895:AAFacJ_5IsII2bA9GK0p46PK1TS3PtgtYMU/getUpdates "HTTP/1.1 200 OK"
2024-09-07 10:33:44 - INFO - No se encontró Username5 en la configuración. Finalizando la búsqueda de cuentas.
2024-09-07 10:33:45 - INFO - HTTP Request: POST https://api.telegram.org/bot7472967895:AAFacJ_5IsII2bA9GK0p46PK1TS3PtgtYMU/sendMessage "HTTP/1.1 200 OK"
2024-09-07 10:33:46 - INFO - HTTP Request: POST https://api.telegram.org/bot7472967895:AAFacJ_5IsII2bA9GK0p46PK1TS3PtgtYMU/sendMessage "HTTP/1.1 200 OK"
2024-09-07 10:33:55 - INFO - HTTP Request: POST https://api.telegram.org/bot7472967895:AAFacJ_5IsII2bA9GK0p46PK1TS3PtgtYMU/getUpdates "HTTP/1.1 200 OK"
2024-09-07 10:34:05 - INFO - HTTP Request: POST https://api.telegram.org/bot7472967895:AAFacJ_5IsII2bA9GK0p46PK1TS3PtgtYMU/getUpdates "HTTP/1.1 200 OK"
2024-09-07 10:34:15 - INFO - HTTP Request: POST https://api.telegram.org/bot7472967895:AAFacJ_5IsII2bA9GK0p46PK1TS3PtgtYMU/getUpdates "HTTP/1.1 200 OK"
2024-09-07 10:34:25 - INFO - HTTP Request: POST https://api.telegram.org/bot7472967895:AAFacJ_5IsII2bA9GK0p46PK1TS3PtgtYMU/getUpdates "HTTP/1.1 200 OK"
2024-09-07 10:34:36 - INFO - HTTP Request: POST https://api.telegram.org/bot7472967895:AAFacJ_5IsII2bA9GK0p46PK1TS3PtgtYMU/getUpdates "HTTP/1.1 200 OK"
2024-09-07 10:34:46 - INFO - HTTP Request: POST https://api.telegram.org/bot7472967895:AAFacJ_5IsII2bA9GK0p46PK1TS3PtgtYMU/getUpdates "HTTP/1.1 200 OK"
2024-09-07 10:34:56 - INFO - HTTP Request: POST https://api.telegram.org/bot7472967895:AAFacJ_5IsII2bA9GK0p46PK1TS3PtgtYMU/getUpdates "HTTP/1.1 200 OK"
2024-09-07 10:35:06 - INFO - HTTP Request: POST https://api.telegram.org/bot7472967895:AAFacJ_5IsII2bA9GK0p46PK1TS3PtgtYMU/getUpdates "HTTP/1.1 200 OK"
2024-09-07 10:35:17 - INFO - HTTP Request: POST https://api.telegram.org/bot7472967895:AAFacJ_5IsII2bA9GK0p46PK1TS3PtgtYMU/getUpdates "HTTP/1.1 200 OK"
2024-09-07 10:35:27 - INFO - HTTP Request: POST https://api.telegram.org/bot7472967895:AAFacJ_5IsII2bA9GK0p46PK1TS3PtgtYMU/getUpdates "HTTP/1.1 200 OK"
2024-09-07 10:35:37 - INFO - HTTP Request: POST https://api.telegram.org/bot7472967895:AAFacJ_5IsII2bA9GK0p46PK1TS3PtgtYMU/getUpdates "HTTP/1.1 200 OK"
2024-09-07 10:35:47 - INFO - HTTP Request: POST https://api.telegram.org/bot7472967895:AAFacJ_5IsII2bA9GK0p46PK1TS3PtgtYMU/getUpdates "HTTP/1.1 200 OK"
2024-09-07 10:35:57 - INFO - HTTP Request: POST https://api.telegram.org/bot7472967895:AAFacJ_5IsII2bA9GK0p46PK1TS3PtgtYMU/getUpdates "HTTP/1.1 200 OK"
2024-09-07 10:36:08 - INFO - HTTP Request: POST https://api.telegram.org/bot7472967895:AAFacJ_5IsII2bA9GK0p46PK1TS3PtgtYMU/getUpdates "HTTP/1.1 200 OK"
2024-09-07 10:36:18 - INFO - HTTP Request: POST https://api.telegram.org/bot7472967895:AAFacJ_5IsII2bA9GK0p46PK1TS3PtgtYMU/getUpdates "HTTP/1.1 200 OK"
2024-09-07 10:36:28 - INFO - HTTP Request: POST https://api.telegram.org/bot7472967895:AAFacJ_5IsII2bA9GK0p46PK1TS3PtgtYMU/getUpdates "HTTP/1.1 200 OK"
